{"/home/pooja/Desktop/crud-operations/src/app/app.component.html": {"path":"/home/pooja/Desktop/crud-operations/src/app/app.component.html","statementMap":{"0":{"start":{"line":1,"column":0},"end":{"line":1,"column":50}}},"fnMap":{},"branchMap":{},"s":{"0":1},"f":{},"b":{},"inputSourceMap":null,"_coverageSchema":"1a1c01bbd47fc00a2c39e90264f33305004495a9","hash":"031c1b4f2cadf0ffafc3cde5fee6bb41f7a98d2e"}
,"/home/pooja/Desktop/crud-operations/src/app/app.component.ts": {"path":"/home/pooja/Desktop/crud-operations/src/app/app.component.ts","statementMap":{"0":{"start":{"line":1,"column":0},"end":{"line":1,"column":50}},"1":{"start":{"line":8,"column":0},"end":{"line":11,"column":null}},"2":{"start":{"line":9,"column":2},"end":{"line":9,"column":28}},"3":{"start":{"line":10,"column":2},"end":{"line":10,"column":41}},"4":{"start":{"line":8,"column":13},"end":{"line":11,"column":null}},"5":{"start":{"line":8,"column":13},"end":{"line":8,"column":25}}},"fnMap":{"0":{"name":"(anonymous_0)","decl":{"start":{"line":8,"column":0},"end":{"line":8,"column":13}},"loc":{"start":{"line":8,"column":0},"end":{"line":11,"column":1}}}},"branchMap":{},"s":{"0":1,"1":1,"2":1,"3":1,"4":1,"5":1},"f":{"0":1},"b":{}}
,"/home/pooja/Desktop/crud-operations/src/app/common.service.ts": {"path":"/home/pooja/Desktop/crud-operations/src/app/common.service.ts","statementMap":{"0":{"start":{"line":1,"column":0},"end":{"line":1,"column":43}},"1":{"start":{"line":2,"column":0},"end":{"line":2,"column":50}},"2":{"start":{"line":5,"column":0},"end":{"line":5,"column":58}},"3":{"start":{"line":6,"column":0},"end":{"line":6,"column":80}},"4":{"start":{"line":7,"column":0},"end":{"line":7,"column":51}},"5":{"start":{"line":9,"column":0},"end":{"line":9,"column":13}},"6":{"start":{"line":22,"column":0},"end":{"line":122,"column":null}},"7":{"start":{"line":26,"column":12},"end":{"line":26,"column":18}},"8":{"start":{"line":27,"column":12},"end":{"line":27,"column":34}},"9":{"start":{"line":24,"column":2},"end":{"line":24,"column":32}},"10":{"start":{"line":31,"column":16},"end":{"line":31,"column":42}},"11":{"start":{"line":32,"column":4},"end":{"line":36,"column":5}},"12":{"start":{"line":39,"column":16},"end":{"line":39,"column":42}},"13":{"start":{"line":40,"column":4},"end":{"line":44,"column":5}},"14":{"start":{"line":47,"column":16},"end":{"line":47,"column":43}},"15":{"start":{"line":48,"column":4},"end":{"line":52,"column":5}},"16":{"start":{"line":55,"column":16},"end":{"line":55,"column":47}},"17":{"start":{"line":56,"column":4},"end":{"line":60,"column":5}},"18":{"start":{"line":63,"column":16},"end":{"line":63,"column":47}},"19":{"start":{"line":64,"column":4},"end":{"line":68,"column":5}},"20":{"start":{"line":72,"column":16},"end":{"line":72,"column":47}},"21":{"start":{"line":73,"column":4},"end":{"line":77,"column":5}},"22":{"start":{"line":83,"column":16},"end":{"line":83,"column":39}},"23":{"start":{"line":84,"column":4},"end":{"line":88,"column":5}},"24":{"start":{"line":91,"column":16},"end":{"line":91,"column":39}},"25":{"start":{"line":92,"column":4},"end":{"line":96,"column":5}},"26":{"start":{"line":99,"column":16},"end":{"line":99,"column":44}},"27":{"start":{"line":100,"column":4},"end":{"line":104,"column":5}},"28":{"start":{"line":107,"column":16},"end":{"line":107,"column":44}},"29":{"start":{"line":108,"column":4},"end":{"line":112,"column":5}},"30":{"start":{"line":116,"column":16},"end":{"line":116,"column":44}},"31":{"start":{"line":117,"column":4},"end":{"line":120,"column":6}},"32":{"start":{"line":22,"column":13},"end":{"line":122,"column":null}},"33":{"start":{"line":22,"column":13},"end":{"line":22,"column":26}}},"fnMap":{"0":{"name":"(anonymous_0)","decl":{"start":{"line":25,"column":2},"end":{"line":25,"column":null}},"loc":{"start":{"line":27,"column":54},"end":{"line":28,"column":7}}},"1":{"name":"(anonymous_1)","decl":{"start":{"line":30,"column":2},"end":{"line":30,"column":12}},"loc":{"start":{"line":30,"column":20},"end":{"line":37,"column":3}}},"2":{"name":"(anonymous_2)","decl":{"start":{"line":38,"column":2},"end":{"line":38,"column":9}},"loc":{"start":{"line":38,"column":9},"end":{"line":45,"column":3}}},"3":{"name":"(anonymous_3)","decl":{"start":{"line":46,"column":2},"end":{"line":46,"column":14}},"loc":{"start":{"line":46,"column":14},"end":{"line":53,"column":3}}},"4":{"name":"(anonymous_4)","decl":{"start":{"line":54,"column":2},"end":{"line":54,"column":13}},"loc":{"start":{"line":54,"column":16},"end":{"line":61,"column":3}}},"5":{"name":"(anonymous_5)","decl":{"start":{"line":62,"column":2},"end":{"line":62,"column":12}},"loc":{"start":{"line":62,"column":56},"end":{"line":69,"column":3}}},"6":{"name":"(anonymous_6)","decl":{"start":{"line":71,"column":2},"end":{"line":71,"column":12}},"loc":{"start":{"line":71,"column":15},"end":{"line":78,"column":3}}},"7":{"name":"(anonymous_7)","decl":{"start":{"line":82,"column":2},"end":{"line":82,"column":12}},"loc":{"start":{"line":82,"column":20},"end":{"line":89,"column":3}}},"8":{"name":"(anonymous_8)","decl":{"start":{"line":90,"column":2},"end":{"line":90,"column":10}},"loc":{"start":{"line":90,"column":10},"end":{"line":97,"column":3}}},"9":{"name":"(anonymous_9)","decl":{"start":{"line":98,"column":2},"end":{"line":98,"column":13}},"loc":{"start":{"line":98,"column":16},"end":{"line":105,"column":3}}},"10":{"name":"(anonymous_10)","decl":{"start":{"line":106,"column":2},"end":{"line":106,"column":12}},"loc":{"start":{"line":106,"column":38},"end":{"line":113,"column":3}}},"11":{"name":"(anonymous_11)","decl":{"start":{"line":115,"column":2},"end":{"line":115,"column":12}},"loc":{"start":{"line":115,"column":15},"end":{"line":121,"column":3}}}},"branchMap":{},"s":{"0":3,"1":3,"2":3,"3":3,"4":3,"5":3,"6":3,"7":13,"8":13,"9":13,"10":1,"11":1,"12":6,"13":6,"14":0,"15":0,"16":0,"17":0,"18":1,"19":1,"20":0,"21":0,"22":1,"23":1,"24":2,"25":2,"26":0,"27":0,"28":1,"29":1,"30":0,"31":0,"32":3,"33":3},"f":{"0":13,"1":1,"2":6,"3":0,"4":0,"5":1,"6":0,"7":1,"8":2,"9":0,"10":1,"11":0},"b":{}}
,"/home/pooja/Desktop/crud-operations/src/app/add-links/add-links.component.html": {"path":"/home/pooja/Desktop/crud-operations/src/app/add-links/add-links.component.html","statementMap":{"0":{"start":{"line":1,"column":0},"end":{"line":1,"column":3497}}},"fnMap":{},"branchMap":{},"s":{"0":1},"f":{},"b":{},"inputSourceMap":null,"_coverageSchema":"1a1c01bbd47fc00a2c39e90264f33305004495a9","hash":"b1edb1796f7f96bd27ffec4db8560651d175088b"}
,"/home/pooja/Desktop/crud-operations/src/app/add-links/add-links.component.ts": {"path":"/home/pooja/Desktop/crud-operations/src/app/add-links/add-links.component.ts","statementMap":{"0":{"start":{"line":1,"column":0},"end":{"line":1,"column":50}},"1":{"start":{"line":2,"column":0},"end":{"line":2,"column":50}},"2":{"start":{"line":3,"column":0},"end":{"line":3,"column":68}},"3":{"start":{"line":11,"column":0},"end":{"line":82,"column":null}},"4":{"start":{"line":23,"column":12},"end":{"line":23,"column":27}},"5":{"start":{"line":24,"column":12},"end":{"line":24,"column":16}},"6":{"start":{"line":19,"column":2},"end":{"line":19,"column":22}},"7":{"start":{"line":20,"column":2},"end":{"line":20,"column":26}},"8":{"start":{"line":28,"column":4},"end":{"line":28,"column":22}},"9":{"start":{"line":29,"column":4},"end":{"line":29,"column":20}},"10":{"start":{"line":32,"column":4},"end":{"line":32,"column":30}},"11":{"start":{"line":33,"column":4},"end":{"line":39,"column":7}},"12":{"start":{"line":42,"column":4},"end":{"line":48,"column":7}},"13":{"start":{"line":51,"column":6},"end":{"line":53,"column":9}},"14":{"start":{"line":52,"column":8},"end":{"line":52,"column":24}},"15":{"start":{"line":56,"column":6},"end":{"line":59,"column":8}},"16":{"start":{"line":57,"column":20},"end":{"line":57,"column":41}},"17":{"start":{"line":58,"column":22},"end":{"line":58,"column":55}},"18":{"start":{"line":62,"column":6},"end":{"line":65,"column":9}},"19":{"start":{"line":63,"column":8},"end":{"line":63,"column":24}},"20":{"start":{"line":64,"column":8},"end":{"line":64,"column":31}},"21":{"start":{"line":68,"column":6},"end":{"line":68,"column":33}},"22":{"start":{"line":69,"column":6},"end":{"line":72,"column":9}},"23":{"start":{"line":70,"column":8},"end":{"line":70,"column":29}},"24":{"start":{"line":71,"column":8},"end":{"line":71,"column":27}},"25":{"start":{"line":75,"column":6},"end":{"line":80,"column":9}},"26":{"start":{"line":76,"column":8},"end":{"line":76,"column":24}},"27":{"start":{"line":77,"column":8},"end":{"line":77,"column":31}},"28":{"start":{"line":78,"column":8},"end":{"line":78,"column":28}},"29":{"start":{"line":79,"column":8},"end":{"line":79,"column":35}},"30":{"start":{"line":11,"column":13},"end":{"line":82,"column":null}},"31":{"start":{"line":11,"column":13},"end":{"line":11,"column":30}}},"fnMap":{"0":{"name":"(anonymous_0)","decl":{"start":{"line":22,"column":2},"end":{"line":22,"column":null}},"loc":{"start":{"line":24,"column":27},"end":{"line":25,"column":8}}},"1":{"name":"(anonymous_1)","decl":{"start":{"line":27,"column":2},"end":{"line":27,"column":10}},"loc":{"start":{"line":27,"column":10},"end":{"line":30,"column":3}}},"2":{"name":"(anonymous_2)","decl":{"start":{"line":31,"column":2},"end":{"line":31,"column":12}},"loc":{"start":{"line":31,"column":12},"end":{"line":40,"column":3}}},"3":{"name":"(anonymous_3)","decl":{"start":{"line":41,"column":2},"end":{"line":41,"column":11}},"loc":{"start":{"line":41,"column":22},"end":{"line":49,"column":3}}},"4":{"name":"(anonymous_4)","decl":{"start":{"line":50,"column":4},"end":{"line":50,"column":10}},"loc":{"start":{"line":50,"column":13},"end":{"line":54,"column":5}}},"5":{"name":"(anonymous_5)","decl":{"start":{"line":51,"column":50},"end":{"line":51,"column":51}},"loc":{"start":{"line":51,"column":59},"end":{"line":53,"column":7}}},"6":{"name":"(anonymous_6)","decl":{"start":{"line":55,"column":4},"end":{"line":55,"column":12}},"loc":{"start":{"line":55,"column":12},"end":{"line":60,"column":5}}},"7":{"name":"(anonymous_7)","decl":{"start":{"line":57,"column":8},"end":{"line":57,"column":9}},"loc":{"start":{"line":57,"column":17},"end":{"line":57,"column":43}}},"8":{"name":"(anonymous_8)","decl":{"start":{"line":58,"column":8},"end":{"line":58,"column":9}},"loc":{"start":{"line":58,"column":18},"end":{"line":58,"column":57}}},"9":{"name":"(anonymous_9)","decl":{"start":{"line":61,"column":4},"end":{"line":61,"column":12}},"loc":{"start":{"line":61,"column":17},"end":{"line":66,"column":5}}},"10":{"name":"(anonymous_10)","decl":{"start":{"line":62,"column":58},"end":{"line":62,"column":61}},"loc":{"start":{"line":62,"column":63},"end":{"line":65,"column":7}}},"11":{"name":"(anonymous_11)","decl":{"start":{"line":67,"column":4},"end":{"line":67,"column":8}},"loc":{"start":{"line":67,"column":11},"end":{"line":73,"column":5}}},"12":{"name":"(anonymous_12)","decl":{"start":{"line":69,"column":51},"end":{"line":69,"column":52}},"loc":{"start":{"line":69,"column":60},"end":{"line":72,"column":7}}},"13":{"name":"(anonymous_13)","decl":{"start":{"line":74,"column":4},"end":{"line":74,"column":12}},"loc":{"start":{"line":74,"column":12},"end":{"line":81,"column":3}}},"14":{"name":"(anonymous_14)","decl":{"start":{"line":75,"column":93},"end":{"line":75,"column":94}},"loc":{"start":{"line":75,"column":102},"end":{"line":80,"column":7}}}},"branchMap":{"0":{"loc":{"start":{"line":43,"column":12},"end":{"line":43,"column":14}},"type":"binary-expr","locations":[{"start":{"line":43,"column":12},"end":{"line":43,"column":14}},{"start":{"line":43,"column":18},"end":{"line":43,"column":25}}]},"1":{"loc":{"start":{"line":44,"column":13},"end":{"line":44,"column":15}},"type":"binary-expr","locations":[{"start":{"line":44,"column":13},"end":{"line":44,"column":15}},{"start":{"line":44,"column":19},"end":{"line":44,"column":28}}]},"2":{"loc":{"start":{"line":45,"column":20},"end":{"line":45,"column":22}},"type":"binary-expr","locations":[{"start":{"line":45,"column":20},"end":{"line":45,"column":22}},{"start":{"line":45,"column":26},"end":{"line":45,"column":42}}]},"3":{"loc":{"start":{"line":46,"column":14},"end":{"line":46,"column":16}},"type":"binary-expr","locations":[{"start":{"line":46,"column":14},"end":{"line":46,"column":16}},{"start":{"line":46,"column":20},"end":{"line":46,"column":30}}]},"4":{"loc":{"start":{"line":47,"column":17},"end":{"line":47,"column":19}},"type":"binary-expr","locations":[{"start":{"line":47,"column":17},"end":{"line":47,"column":19}},{"start":{"line":47,"column":23},"end":{"line":47,"column":36}}]}},"s":{"0":1,"1":1,"2":1,"3":1,"4":5,"5":5,"6":5,"7":5,"8":5,"9":5,"10":5,"11":5,"12":0,"13":0,"14":0,"15":6,"16":1,"17":0,"18":0,"19":0,"20":0,"21":0,"22":0,"23":0,"24":0,"25":0,"26":0,"27":0,"28":0,"29":0,"30":1,"31":1},"f":{"0":5,"1":5,"2":5,"3":0,"4":0,"5":0,"6":6,"7":1,"8":0,"9":0,"10":0,"11":0,"12":0,"13":0,"14":0},"b":{"0":[0,0],"1":[0,0],"2":[0,0],"3":[0,0],"4":[0,0]}}
,"/home/pooja/Desktop/crud-operations/src/app/dashboard/dashboard.component.html": {"path":"/home/pooja/Desktop/crud-operations/src/app/dashboard/dashboard.component.html","statementMap":{"0":{"start":{"line":1,"column":0},"end":{"line":1,"column":82}}},"fnMap":{},"branchMap":{},"s":{"0":1},"f":{},"b":{},"inputSourceMap":null,"_coverageSchema":"1a1c01bbd47fc00a2c39e90264f33305004495a9","hash":"b85afb39c697fa6da89f96ae0eb4c3a41806412b"}
,"/home/pooja/Desktop/crud-operations/src/app/dashboard/dashboard.component.ts": {"path":"/home/pooja/Desktop/crud-operations/src/app/dashboard/dashboard.component.ts","statementMap":{"0":{"start":{"line":1,"column":0},"end":{"line":1,"column":50}},"1":{"start":{"line":2,"column":0},"end":{"line":2,"column":50}},"2":{"start":{"line":8,"column":0},"end":{"line":23,"column":null}},"3":{"start":{"line":12,"column":12},"end":{"line":12,"column":27}},"4":{"start":{"line":16,"column":4},"end":{"line":16,"column":24}},"5":{"start":{"line":19,"column":4},"end":{"line":21,"column":7}},"6":{"start":{"line":20,"column":6},"end":{"line":20,"column":27}},"7":{"start":{"line":8,"column":13},"end":{"line":23,"column":null}},"8":{"start":{"line":8,"column":13},"end":{"line":8,"column":31}}},"fnMap":{"0":{"name":"(anonymous_0)","decl":{"start":{"line":11,"column":2},"end":{"line":11,"column":null}},"loc":{"start":{"line":12,"column":40},"end":{"line":13,"column":7}}},"1":{"name":"(anonymous_1)","decl":{"start":{"line":15,"column":2},"end":{"line":15,"column":10}},"loc":{"start":{"line":15,"column":10},"end":{"line":17,"column":3}}},"2":{"name":"(anonymous_2)","decl":{"start":{"line":18,"column":2},"end":{"line":18,"column":14}},"loc":{"start":{"line":18,"column":14},"end":{"line":22,"column":3}}},"3":{"name":"(anonymous_3)","decl":{"start":{"line":19,"column":44},"end":{"line":19,"column":45}},"loc":{"start":{"line":19,"column":53},"end":{"line":21,"column":5}}}},"branchMap":{},"s":{"0":1,"1":1,"2":1,"3":1,"4":1,"5":1,"6":0,"7":1,"8":1},"f":{"0":1,"1":1,"2":1,"3":0},"b":{}}
,"/home/pooja/Desktop/crud-operations/src/app/dashboard/dashboard-card/dashboard-card.component.html": {"path":"/home/pooja/Desktop/crud-operations/src/app/dashboard/dashboard-card/dashboard-card.component.html","statementMap":{"0":{"start":{"line":1,"column":0},"end":{"line":1,"column":454}}},"fnMap":{},"branchMap":{},"s":{"0":3},"f":{},"b":{},"inputSourceMap":null,"_coverageSchema":"1a1c01bbd47fc00a2c39e90264f33305004495a9","hash":"833d4c898111d6b18565c4abd7ec001dc8d5be27"}
,"/home/pooja/Desktop/crud-operations/src/app/dashboard/dashboard-card/dashboard-card.component.ts": {"path":"/home/pooja/Desktop/crud-operations/src/app/dashboard/dashboard-card/dashboard-card.component.ts","statementMap":{"0":{"start":{"line":1,"column":0},"end":{"line":1,"column":57}},"1":{"start":{"line":8,"column":0},"end":{"line":16,"column":null}},"2":{"start":{"line":10,"column":11},"end":{"line":10,"column":null}},"3":{"start":{"line":8,"column":13},"end":{"line":16,"column":null}},"4":{"start":{"line":8,"column":13},"end":{"line":8,"column":35}}},"fnMap":{"0":{"name":"(anonymous_0)","decl":{"start":{"line":11,"column":2},"end":{"line":11,"column":18}},"loc":{"start":{"line":11,"column":2},"end":{"line":11,"column":19}}},"1":{"name":"(anonymous_1)","decl":{"start":{"line":13,"column":2},"end":{"line":13,"column":10}},"loc":{"start":{"line":13,"column":10},"end":{"line":14,"column":3}}}},"branchMap":{},"s":{"0":3,"1":3,"2":3,"3":3,"4":3},"f":{"0":2,"1":2},"b":{}}
,"/home/pooja/Desktop/crud-operations/src/app/flex-layout/flex-layout.component.html": {"path":"/home/pooja/Desktop/crud-operations/src/app/flex-layout/flex-layout.component.html","statementMap":{"0":{"start":{"line":1,"column":0},"end":{"line":1,"column":2676}}},"fnMap":{},"branchMap":{},"s":{"0":1},"f":{},"b":{},"inputSourceMap":null,"_coverageSchema":"1a1c01bbd47fc00a2c39e90264f33305004495a9","hash":"956c7845bfcdfc5a286a8d71ab19f4c99fb5e566"}
,"/home/pooja/Desktop/crud-operations/src/app/flex-layout/flex-layout.component.ts": {"path":"/home/pooja/Desktop/crud-operations/src/app/flex-layout/flex-layout.component.ts","statementMap":{"0":{"start":{"line":1,"column":0},"end":{"line":1,"column":50}},"1":{"start":{"line":8,"column":0},"end":{"line":15,"column":null}},"2":{"start":{"line":8,"column":13},"end":{"line":15,"column":null}},"3":{"start":{"line":8,"column":13},"end":{"line":8,"column":32}}},"fnMap":{"0":{"name":"(anonymous_0)","decl":{"start":{"line":10,"column":2},"end":{"line":10,"column":18}},"loc":{"start":{"line":10,"column":2},"end":{"line":10,"column":19}}},"1":{"name":"(anonymous_1)","decl":{"start":{"line":12,"column":2},"end":{"line":12,"column":10}},"loc":{"start":{"line":12,"column":10},"end":{"line":13,"column":3}}}},"branchMap":{},"s":{"0":1,"1":1,"2":1,"3":1},"f":{"0":1,"1":0},"b":{}}
,"/home/pooja/Desktop/crud-operations/src/app/grid-layout/grid-layout.component.html": {"path":"/home/pooja/Desktop/crud-operations/src/app/grid-layout/grid-layout.component.html","statementMap":{"0":{"start":{"line":1,"column":0},"end":{"line":1,"column":3894}}},"fnMap":{},"branchMap":{},"s":{"0":1},"f":{},"b":{},"inputSourceMap":null,"_coverageSchema":"1a1c01bbd47fc00a2c39e90264f33305004495a9","hash":"bf3a0326aa5ec404efacbfc06077d7f13209f95b"}
,"/home/pooja/Desktop/crud-operations/src/app/grid-layout/grid-layout.component.ts": {"path":"/home/pooja/Desktop/crud-operations/src/app/grid-layout/grid-layout.component.ts","statementMap":{"0":{"start":{"line":1,"column":0},"end":{"line":1,"column":50}},"1":{"start":{"line":8,"column":0},"end":{"line":15,"column":null}},"2":{"start":{"line":8,"column":13},"end":{"line":15,"column":null}},"3":{"start":{"line":8,"column":13},"end":{"line":8,"column":32}}},"fnMap":{"0":{"name":"(anonymous_0)","decl":{"start":{"line":10,"column":2},"end":{"line":10,"column":18}},"loc":{"start":{"line":10,"column":2},"end":{"line":10,"column":19}}},"1":{"name":"(anonymous_1)","decl":{"start":{"line":12,"column":2},"end":{"line":12,"column":10}},"loc":{"start":{"line":12,"column":10},"end":{"line":13,"column":3}}}},"branchMap":{},"s":{"0":1,"1":1,"2":1,"3":1},"f":{"0":1,"1":0},"b":{}}
,"/home/pooja/Desktop/crud-operations/src/app/layout/button/button.component.html": {"path":"/home/pooja/Desktop/crud-operations/src/app/layout/button/button.component.html","statementMap":{"0":{"start":{"line":1,"column":0},"end":{"line":1,"column":140}}},"fnMap":{},"branchMap":{},"s":{"0":2},"f":{},"b":{},"inputSourceMap":null,"_coverageSchema":"1a1c01bbd47fc00a2c39e90264f33305004495a9","hash":"fee50f5a4e2aab4f7c7c73f9154bb69a7cfc0744"}
,"/home/pooja/Desktop/crud-operations/src/app/layout/button/button.component.ts": {"path":"/home/pooja/Desktop/crud-operations/src/app/layout/button/button.component.ts","statementMap":{"0":{"start":{"line":1,"column":0},"end":{"line":1,"column":79}},"1":{"start":{"line":7,"column":0},"end":{"line":21,"column":null}},"2":{"start":{"line":11,"column":12},"end":{"line":11,"column":55}},"3":{"start":{"line":19,"column":4},"end":{"line":19,"column":38}},"4":{"start":{"line":8,"column":11},"end":{"line":8,"column":null}},"5":{"start":{"line":9,"column":11},"end":{"line":9,"column":null}},"6":{"start":{"line":10,"column":11},"end":{"line":10,"column":null}},"7":{"start":{"line":11,"column":12},"end":{"line":11,"column":null}},"8":{"start":{"line":7,"column":13},"end":{"line":21,"column":null}},"9":{"start":{"line":7,"column":13},"end":{"line":7,"column":28}}},"fnMap":{"0":{"name":"(anonymous_0)","decl":{"start":{"line":13,"column":2},"end":{"line":13,"column":18}},"loc":{"start":{"line":13,"column":2},"end":{"line":13,"column":19}}},"1":{"name":"(anonymous_1)","decl":{"start":{"line":15,"column":2},"end":{"line":15,"column":10}},"loc":{"start":{"line":15,"column":10},"end":{"line":16,"column":3}}},"2":{"name":"(anonymous_2)","decl":{"start":{"line":18,"column":2},"end":{"line":18,"column":15}},"loc":{"start":{"line":18,"column":26},"end":{"line":20,"column":3}}}},"branchMap":{},"s":{"0":2,"1":2,"2":6,"3":0,"4":2,"5":2,"6":2,"7":2,"8":2,"9":2},"f":{"0":6,"1":6,"2":0},"b":{}}
,"/home/pooja/Desktop/crud-operations/src/app/layout/header/header.component.html": {"path":"/home/pooja/Desktop/crud-operations/src/app/layout/header/header.component.html","statementMap":{"0":{"start":{"line":1,"column":0},"end":{"line":1,"column":1168}}},"fnMap":{},"branchMap":{},"s":{"0":2},"f":{},"b":{},"inputSourceMap":null,"_coverageSchema":"1a1c01bbd47fc00a2c39e90264f33305004495a9","hash":"c81a3cb5d78f855ba8d9c9e033c21f760be91e3b"}
,"/home/pooja/Desktop/crud-operations/src/app/layout/header/header.component.ts": {"path":"/home/pooja/Desktop/crud-operations/src/app/layout/header/header.component.ts","statementMap":{"0":{"start":{"line":1,"column":0},"end":{"line":1,"column":50}},"1":{"start":{"line":10,"column":0},"end":{"line":15,"column":null}},"2":{"start":{"line":10,"column":13},"end":{"line":15,"column":null}},"3":{"start":{"line":10,"column":13},"end":{"line":10,"column":28}}},"fnMap":{"0":{"name":"(anonymous_0)","decl":{"start":{"line":11,"column":2},"end":{"line":11,"column":null}},"loc":{"start":{"line":11,"column":2},"end":{"line":12,"column":9}}},"1":{"name":"(anonymous_1)","decl":{"start":{"line":13,"column":4},"end":{"line":13,"column":12}},"loc":{"start":{"line":13,"column":12},"end":{"line":14,"column":5}}}},"branchMap":{},"s":{"0":2,"1":2,"2":2,"3":2},"f":{"0":2,"1":2},"b":{}}
,"/home/pooja/Desktop/crud-operations/src/app/layout/layout/layout.component.html": {"path":"/home/pooja/Desktop/crud-operations/src/app/layout/layout/layout.component.html","statementMap":{"0":{"start":{"line":1,"column":0},"end":{"line":1,"column":535}}},"fnMap":{},"branchMap":{},"s":{"0":1},"f":{},"b":{},"inputSourceMap":null,"_coverageSchema":"1a1c01bbd47fc00a2c39e90264f33305004495a9","hash":"7ce57eb02c907381b7549eb964ceebbea4101f8c"}
,"/home/pooja/Desktop/crud-operations/src/app/layout/layout/layout.component.ts": {"path":"/home/pooja/Desktop/crud-operations/src/app/layout/layout/layout.component.ts","statementMap":{"0":{"start":{"line":1,"column":0},"end":{"line":1,"column":50}},"1":{"start":{"line":2,"column":0},"end":{"line":2,"column":45}},"2":{"start":{"line":3,"column":0},"end":{"line":3,"column":67}},"3":{"start":{"line":4,"column":0},"end":{"line":4,"column":93}},"4":{"start":{"line":10,"column":0},"end":{"line":36,"column":null}},"5":{"start":{"line":15,"column":12},"end":{"line":15,"column":26}},"6":{"start":{"line":16,"column":12},"end":{"line":16,"column":43}},"7":{"start":{"line":12,"column":2},"end":{"line":12,"column":37}},"8":{"start":{"line":22,"column":4},"end":{"line":22,"column":17}},"9":{"start":{"line":25,"column":4},"end":{"line":31,"column":7}},"10":{"start":{"line":26,"column":6},"end":{"line":30,"column":null}},"11":{"start":{"line":27,"column":8},"end":{"line":27,"column":39}},"12":{"start":{"line":29,"column":8},"end":{"line":29,"column":40}},"13":{"start":{"line":34,"column":4},"end":{"line":34,"column":48}},"14":{"start":{"line":10,"column":13},"end":{"line":36,"column":null}},"15":{"start":{"line":10,"column":13},"end":{"line":10,"column":28}}},"fnMap":{"0":{"name":"(anonymous_0)","decl":{"start":{"line":14,"column":2},"end":{"line":14,"column":null}},"loc":{"start":{"line":16,"column":72},"end":{"line":17,"column":7}}},"1":{"name":"(anonymous_1)","decl":{"start":{"line":19,"column":2},"end":{"line":19,"column":10}},"loc":{"start":{"line":19,"column":10},"end":{"line":23,"column":3}}},"2":{"name":"(anonymous_2)","decl":{"start":{"line":24,"column":2},"end":{"line":24,"column":7}},"loc":{"start":{"line":24,"column":7},"end":{"line":32,"column":3}}},"3":{"name":"(anonymous_3)","decl":{"start":{"line":25,"column":42},"end":{"line":25,"column":47}},"loc":{"start":{"line":25,"column":50},"end":{"line":31,"column":5}}},"4":{"name":"(anonymous_4)","decl":{"start":{"line":33,"column":2},"end":{"line":33,"column":8}},"loc":{"start":{"line":33,"column":8},"end":{"line":35,"column":3}}}},"branchMap":{"0":{"loc":{"start":{"line":26,"column":6},"end":{"line":30,"column":null}},"type":"if","locations":[{"start":{"line":26,"column":6},"end":{"line":30,"column":null}},{"start":{"line":26,"column":6},"end":{"line":30,"column":null}}]}},"s":{"0":1,"1":1,"2":1,"3":1,"4":1,"5":1,"6":1,"7":1,"8":1,"9":1,"10":0,"11":0,"12":0,"13":0,"14":1,"15":1},"f":{"0":1,"1":1,"2":1,"3":0,"4":0},"b":{"0":[0,0]}}
,"/home/pooja/Desktop/crud-operations/src/app/setup/login-registration-setup.service.ts": {"path":"/home/pooja/Desktop/crud-operations/src/app/setup/login-registration-setup.service.ts","statementMap":{"0":{"start":{"line":1,"column":0},"end":{"line":1,"column":43}},"1":{"start":{"line":2,"column":0},"end":{"line":2,"column":50}},"2":{"start":{"line":4,"column":0},"end":{"line":4,"column":61}},"3":{"start":{"line":6,"column":0},"end":{"line":6,"column":41}},"4":{"start":{"line":7,"column":0},"end":{"line":7,"column":51}},"5":{"start":{"line":8,"column":0},"end":{"line":8,"column":81}},"6":{"start":{"line":12,"column":0},"end":{"line":41,"column":null}},"7":{"start":{"line":16,"column":12},"end":{"line":16,"column":18}},"8":{"start":{"line":17,"column":12},"end":{"line":17,"column":20}},"9":{"start":{"line":18,"column":12},"end":{"line":18,"column":34}},"10":{"start":{"line":14,"column":2},"end":{"line":14,"column":32}},"11":{"start":{"line":22,"column":16},"end":{"line":22,"column":46}},"12":{"start":{"line":23,"column":4},"end":{"line":27,"column":5}},"13":{"start":{"line":30,"column":16},"end":{"line":30,"column":98}},"14":{"start":{"line":31,"column":4},"end":{"line":35,"column":6}},"15":{"start":{"line":38,"column":4},"end":{"line":38,"column":25}},"16":{"start":{"line":39,"column":4},"end":{"line":39,"column":42}},"17":{"start":{"line":12,"column":13},"end":{"line":41,"column":null}},"18":{"start":{"line":12,"column":13},"end":{"line":12,"column":42}}},"fnMap":{"0":{"name":"(anonymous_0)","decl":{"start":{"line":15,"column":2},"end":{"line":15,"column":null}},"loc":{"start":{"line":18,"column":54},"end":{"line":19,"column":7}}},"1":{"name":"(anonymous_1)","decl":{"start":{"line":21,"column":2},"end":{"line":21,"column":14}},"loc":{"start":{"line":21,"column":19},"end":{"line":28,"column":3}}},"2":{"name":"(anonymous_2)","decl":{"start":{"line":29,"column":2},"end":{"line":29,"column":11}},"loc":{"start":{"line":29,"column":30},"end":{"line":36,"column":3}}},"3":{"name":"(anonymous_3)","decl":{"start":{"line":37,"column":2},"end":{"line":37,"column":8}},"loc":{"start":{"line":37,"column":8},"end":{"line":40,"column":3}}}},"branchMap":{},"s":{"0":5,"1":5,"2":5,"3":5,"4":5,"5":5,"6":5,"7":12,"8":12,"9":12,"10":12,"11":1,"12":1,"13":0,"14":0,"15":0,"16":0,"17":5,"18":5},"f":{"0":12,"1":1,"2":0,"3":0},"b":{}}
,"/home/pooja/Desktop/crud-operations/src/app/setup/login/login.component.html": {"path":"/home/pooja/Desktop/crud-operations/src/app/setup/login/login.component.html","statementMap":{"0":{"start":{"line":1,"column":0},"end":{"line":1,"column":1995}}},"fnMap":{},"branchMap":{},"s":{"0":1},"f":{},"b":{},"inputSourceMap":null,"_coverageSchema":"1a1c01bbd47fc00a2c39e90264f33305004495a9","hash":"369d45632300f4d739df218afb29acd321e23742"}
,"/home/pooja/Desktop/crud-operations/src/app/setup/login/login.component.ts": {"path":"/home/pooja/Desktop/crud-operations/src/app/setup/login/login.component.ts","statementMap":{"0":{"start":{"line":1,"column":0},"end":{"line":1,"column":50}},"1":{"start":{"line":2,"column":0},"end":{"line":2,"column":81}},"2":{"start":{"line":3,"column":0},"end":{"line":3,"column":84}},"3":{"start":{"line":4,"column":0},"end":{"line":4,"column":41}},"4":{"start":{"line":11,"column":0},"end":{"line":41,"column":null}},"5":{"start":{"line":15,"column":12},"end":{"line":15,"column":16}},"6":{"start":{"line":16,"column":12},"end":{"line":16,"column":43}},"7":{"start":{"line":17,"column":12},"end":{"line":17,"column":20}},"8":{"start":{"line":21,"column":4},"end":{"line":21,"column":22}},"9":{"start":{"line":24,"column":4},"end":{"line":27,"column":7}},"10":{"start":{"line":30,"column":4},"end":{"line":39,"column":7}},"11":{"start":{"line":31,"column":6},"end":{"line":38,"column":null}},"12":{"start":{"line":32,"column":8},"end":{"line":32,"column":39}},"13":{"start":{"line":34,"column":8},"end":{"line":34,"column":35}},"14":{"start":{"line":35,"column":25},"end":{"line":35,"column":48}},"15":{"start":{"line":36,"column":8},"end":{"line":36,"column":47}},"16":{"start":{"line":37,"column":8},"end":{"line":37,"column":40}},"17":{"start":{"line":11,"column":13},"end":{"line":41,"column":null}},"18":{"start":{"line":11,"column":13},"end":{"line":11,"column":27}}},"fnMap":{"0":{"name":"(anonymous_0)","decl":{"start":{"line":14,"column":2},"end":{"line":14,"column":null}},"loc":{"start":{"line":17,"column":26},"end":{"line":18,"column":5}}},"1":{"name":"(anonymous_1)","decl":{"start":{"line":20,"column":2},"end":{"line":20,"column":10}},"loc":{"start":{"line":20,"column":10},"end":{"line":22,"column":3}}},"2":{"name":"(anonymous_2)","decl":{"start":{"line":23,"column":2},"end":{"line":23,"column":12}},"loc":{"start":{"line":23,"column":12},"end":{"line":28,"column":3}}},"3":{"name":"(anonymous_3)","decl":{"start":{"line":29,"column":2},"end":{"line":29,"column":10}},"loc":{"start":{"line":29,"column":10},"end":{"line":40,"column":3}}},"4":{"name":"(anonymous_4)","decl":{"start":{"line":30,"column":122},"end":{"line":30,"column":123}},"loc":{"start":{"line":30,"column":131},"end":{"line":39,"column":5}}}},"branchMap":{"0":{"loc":{"start":{"line":31,"column":6},"end":{"line":38,"column":null}},"type":"if","locations":[{"start":{"line":31,"column":6},"end":{"line":38,"column":null}},{"start":{"line":31,"column":6},"end":{"line":38,"column":null}}]}},"s":{"0":1,"1":1,"2":1,"3":1,"4":1,"5":5,"6":5,"7":5,"8":5,"9":5,"10":0,"11":0,"12":0,"13":0,"14":0,"15":0,"16":0,"17":1,"18":1},"f":{"0":5,"1":5,"2":5,"3":0,"4":0},"b":{"0":[0,0]}}
,"/home/pooja/Desktop/crud-operations/src/app/setup/user-registration/user-registration.component.html": {"path":"/home/pooja/Desktop/crud-operations/src/app/setup/user-registration/user-registration.component.html","statementMap":{"0":{"start":{"line":1,"column":0},"end":{"line":1,"column":3292}}},"fnMap":{},"branchMap":{},"s":{"0":1},"f":{},"b":{},"inputSourceMap":null,"_coverageSchema":"1a1c01bbd47fc00a2c39e90264f33305004495a9","hash":"818f02c4f589e2af61ee8e14f743bae523e8a1a0"}
,"/home/pooja/Desktop/crud-operations/src/app/setup/user-registration/user-registration.component.ts": {"path":"/home/pooja/Desktop/crud-operations/src/app/setup/user-registration/user-registration.component.ts","statementMap":{"0":{"start":{"line":1,"column":0},"end":{"line":1,"column":50}},"1":{"start":{"line":2,"column":0},"end":{"line":2,"column":81}},"2":{"start":{"line":3,"column":0},"end":{"line":3,"column":84}},"3":{"start":{"line":4,"column":0},"end":{"line":4,"column":41}},"4":{"start":{"line":11,"column":0},"end":{"line":45,"column":null}},"5":{"start":{"line":15,"column":12},"end":{"line":15,"column":16}},"6":{"start":{"line":16,"column":12},"end":{"line":16,"column":43}},"7":{"start":{"line":17,"column":12},"end":{"line":17,"column":20}},"8":{"start":{"line":21,"column":4},"end":{"line":21,"column":22}},"9":{"start":{"line":25,"column":4},"end":{"line":29,"column":7}},"10":{"start":{"line":32,"column":4},"end":{"line":43,"column":null}},"11":{"start":{"line":33,"column":19},"end":{"line":36,"column":8}},"12":{"start":{"line":37,"column":6},"end":{"line":40,"column":9}},"13":{"start":{"line":38,"column":8},"end":{"line":38,"column":47}},"14":{"start":{"line":39,"column":8},"end":{"line":39,"column":46}},"15":{"start":{"line":42,"column":6},"end":{"line":42,"column":58}},"16":{"start":{"line":11,"column":13},"end":{"line":45,"column":null}},"17":{"start":{"line":11,"column":13},"end":{"line":11,"column":38}}},"fnMap":{"0":{"name":"(anonymous_0)","decl":{"start":{"line":14,"column":2},"end":{"line":14,"column":null}},"loc":{"start":{"line":17,"column":26},"end":{"line":18,"column":5}}},"1":{"name":"(anonymous_1)","decl":{"start":{"line":20,"column":2},"end":{"line":20,"column":10}},"loc":{"start":{"line":20,"column":10},"end":{"line":23,"column":3}}},"2":{"name":"(anonymous_2)","decl":{"start":{"line":24,"column":2},"end":{"line":24,"column":12}},"loc":{"start":{"line":24,"column":12},"end":{"line":30,"column":3}}},"3":{"name":"(anonymous_3)","decl":{"start":{"line":31,"column":2},"end":{"line":31,"column":10}},"loc":{"start":{"line":31,"column":10},"end":{"line":44,"column":3}}},"4":{"name":"(anonymous_4)","decl":{"start":{"line":37,"column":70},"end":{"line":37,"column":71}},"loc":{"start":{"line":37,"column":79},"end":{"line":40,"column":7}}}},"branchMap":{"0":{"loc":{"start":{"line":32,"column":4},"end":{"line":43,"column":null}},"type":"if","locations":[{"start":{"line":32,"column":4},"end":{"line":43,"column":null}},{"start":{"line":32,"column":4},"end":{"line":43,"column":null}}]}},"s":{"0":1,"1":1,"2":1,"3":1,"4":1,"5":4,"6":4,"7":4,"8":4,"9":4,"10":0,"11":0,"12":0,"13":0,"14":0,"15":0,"16":1,"17":1},"f":{"0":4,"1":4,"2":4,"3":0,"4":0},"b":{"0":[0,0]}}
,"/home/pooja/Desktop/crud-operations/src/app/shared/services/auth-guard.service.ts": {"path":"/home/pooja/Desktop/crud-operations/src/app/shared/services/auth-guard.service.ts","statementMap":{"0":{"start":{"line":1,"column":0},"end":{"line":1,"column":43}},"1":{"start":{"line":2,"column":0},"end":{"line":2,"column":54}},"2":{"start":{"line":6,"column":0},"end":{"line":17,"column":null}},"3":{"start":{"line":8,"column":21},"end":{"line":8,"column":29}},"4":{"start":{"line":11,"column":4},"end":{"line":14,"column":null}},"5":{"start":{"line":12,"column":6},"end":{"line":12,"column":44}},"6":{"start":{"line":13,"column":6},"end":{"line":13,"column":19}},"7":{"start":{"line":15,"column":4},"end":{"line":15,"column":16}},"8":{"start":{"line":6,"column":13},"end":{"line":17,"column":null}},"9":{"start":{"line":6,"column":13},"end":{"line":6,"column":29}}},"fnMap":{"0":{"name":"(anonymous_0)","decl":{"start":{"line":8,"column":2},"end":{"line":8,"column":21}},"loc":{"start":{"line":8,"column":35},"end":{"line":8,"column":39}}},"1":{"name":"(anonymous_1)","decl":{"start":{"line":10,"column":2},"end":{"line":10,"column":13}},"loc":{"start":{"line":10,"column":13},"end":{"line":16,"column":3}}}},"branchMap":{"0":{"loc":{"start":{"line":11,"column":4},"end":{"line":14,"column":null}},"type":"if","locations":[{"start":{"line":11,"column":4},"end":{"line":14,"column":null}},{"start":{"line":11,"column":4},"end":{"line":14,"column":null}}]}},"s":{"0":1,"1":1,"2":1,"3":3,"4":0,"5":0,"6":0,"7":0,"8":1,"9":1},"f":{"0":3,"1":0},"b":{"0":[0,0]}}
,"/home/pooja/Desktop/crud-operations/src/app/shared/services/error-handling.service.ts": {"path":"/home/pooja/Desktop/crud-operations/src/app/shared/services/error-handling.service.ts","statementMap":{"0":{"start":{"line":1,"column":0},"end":{"line":1,"column":43}},"1":{"start":{"line":2,"column":0},"end":{"line":2,"column":46}},"2":{"start":{"line":6,"column":0},"end":{"line":21,"column":null}},"3":{"start":{"line":10,"column":23},"end":{"line":10,"column":25}},"4":{"start":{"line":11,"column":4},"end":{"line":17,"column":null}},"5":{"start":{"line":13,"column":8},"end":{"line":13,"column":55}},"6":{"start":{"line":16,"column":8},"end":{"line":16,"column":80}},"7":{"start":{"line":18,"column":4},"end":{"line":18,"column":30}},"8":{"start":{"line":19,"column":4},"end":{"line":19,"column":36}},"9":{"start":{"line":6,"column":13},"end":{"line":21,"column":null}},"10":{"start":{"line":6,"column":13},"end":{"line":6,"column":33}}},"fnMap":{"0":{"name":"(anonymous_0)","decl":{"start":{"line":8,"column":2},"end":{"line":8,"column":18}},"loc":{"start":{"line":8,"column":2},"end":{"line":8,"column":19}}},"1":{"name":"(anonymous_1)","decl":{"start":{"line":9,"column":2},"end":{"line":9,"column":13}},"loc":{"start":{"line":9,"column":19},"end":{"line":20,"column":3}}}},"branchMap":{"0":{"loc":{"start":{"line":11,"column":4},"end":{"line":17,"column":null}},"type":"if","locations":[{"start":{"line":11,"column":4},"end":{"line":17,"column":null}},{"start":{"line":11,"column":4},"end":{"line":17,"column":null}}]}},"s":{"0":9,"1":9,"2":9,"3":0,"4":0,"5":0,"6":0,"7":0,"8":0,"9":9,"10":9},"f":{"0":26,"1":0},"b":{"0":[0,0]}}
,"/home/pooja/Desktop/crud-operations/src/app/shared/services/theme.service.ts": {"path":"/home/pooja/Desktop/crud-operations/src/app/shared/services/theme.service.ts","statementMap":{"0":{"start":{"line":1,"column":0},"end":{"line":1,"column":43}},"1":{"start":{"line":3,"column":13},"end":{"line":7,"column":2}},"2":{"start":{"line":8,"column":13},"end":{"line":12,"column":2}},"3":{"start":{"line":15,"column":0},"end":{"line":27,"column":null}},"4":{"start":{"line":17,"column":4},"end":{"line":17,"column":29}},"5":{"start":{"line":20,"column":4},"end":{"line":20,"column":30}},"6":{"start":{"line":23,"column":4},"end":{"line":25,"column":6}},"7":{"start":{"line":24,"column":6},"end":{"line":24,"column":68}},"8":{"start":{"line":15,"column":13},"end":{"line":27,"column":null}},"9":{"start":{"line":15,"column":13},"end":{"line":15,"column":25}}},"fnMap":{"0":{"name":"(anonymous_0)","decl":{"start":{"line":16,"column":2},"end":{"line":16,"column":12}},"loc":{"start":{"line":16,"column":12},"end":{"line":18,"column":3}}},"1":{"name":"(anonymous_1)","decl":{"start":{"line":19,"column":2},"end":{"line":19,"column":13}},"loc":{"start":{"line":19,"column":13},"end":{"line":21,"column":3}}},"2":{"name":"(anonymous_2)","decl":{"start":{"line":22,"column":10},"end":{"line":22,"column":18}},"loc":{"start":{"line":22,"column":28},"end":{"line":26,"column":3}}},"3":{"name":"(anonymous_3)","decl":{"start":{"line":23,"column":31},"end":{"line":23,"column":32}},"loc":{"start":{"line":24,"column":6},"end":{"line":24,"column":68}}}},"branchMap":{},"s":{"0":2,"1":2,"2":2,"3":2,"4":0,"5":0,"6":0,"7":0,"8":2,"9":2},"f":{"0":0,"1":0,"2":0,"3":0},"b":{}}
,"/home/pooja/Desktop/crud-operations/src/environments/environment.ts": {"path":"/home/pooja/Desktop/crud-operations/src/environments/environment.ts","statementMap":{"0":{"start":{"line":5,"column":13},"end":{"line":8,"column":2}}},"fnMap":{},"branchMap":{},"s":{"0":8},"f":{},"b":{}}
}
