TN:
SF:src/app/app.component.html
FNF:0
FNH:0
DA:1,1
LF:1
LH:1
BRF:0
BRH:0
end_of_record
TN:
SF:src/app/app.component.ts
FN:8,(anonymous_0)
FNF:1
FNH:1
FNDA:1,(anonymous_0)
DA:1,1
DA:8,1
DA:9,1
DA:10,1
LF:4
LH:4
BRF:0
BRH:0
end_of_record
TN:
SF:src/app/common.service.ts
FN:25,(anonymous_0)
FN:30,(anonymous_1)
FN:38,(anonymous_2)
FN:46,(anonymous_3)
FN:54,(anonymous_4)
FN:62,(anonymous_5)
FN:71,(anonymous_6)
FN:82,(anonymous_7)
FN:90,(anonymous_8)
FN:98,(anonymous_9)
FN:106,(anonymous_10)
FN:115,(anonymous_11)
FNF:12
FNH:7
FNDA:13,(anonymous_0)
FNDA:1,(anonymous_1)
FNDA:6,(anonymous_2)
FNDA:0,(anonymous_3)
FNDA:0,(anonymous_4)
FNDA:1,(anonymous_5)
FNDA:0,(anonymous_6)
FNDA:1,(anonymous_7)
FNDA:2,(anonymous_8)
FNDA:0,(anonymous_9)
FNDA:1,(anonymous_10)
FNDA:0,(anonymous_11)
DA:1,3
DA:2,3
DA:5,3
DA:6,3
DA:7,3
DA:9,3
DA:22,3
DA:24,13
DA:26,13
DA:27,13
DA:31,1
DA:32,1
DA:39,6
DA:40,6
DA:47,0
DA:48,0
DA:55,0
DA:56,0
DA:63,1
DA:64,1
DA:72,0
DA:73,0
DA:83,1
DA:84,1
DA:91,2
DA:92,2
DA:99,0
DA:100,0
DA:107,1
DA:108,1
DA:116,0
DA:117,0
LF:32
LH:22
BRF:0
BRH:0
end_of_record
TN:
SF:src/app/add-links/add-links.component.html
FNF:0
FNH:0
DA:1,1
LF:1
LH:1
BRF:0
BRH:0
end_of_record
TN:
SF:src/app/add-links/add-links.component.ts
FN:22,(anonymous_0)
FN:27,(anonymous_1)
FN:31,(anonymous_2)
FN:41,(anonymous_3)
FN:50,(anonymous_4)
FN:51,(anonymous_5)
FN:55,(anonymous_6)
FN:57,(anonymous_7)
FN:58,(anonymous_8)
FN:61,(anonymous_9)
FN:62,(anonymous_10)
FN:67,(anonymous_11)
FN:69,(anonymous_12)
FN:74,(anonymous_13)
FN:75,(anonymous_14)
FNF:15
FNH:5
FNDA:5,(anonymous_0)
FNDA:5,(anonymous_1)
FNDA:5,(anonymous_2)
FNDA:0,(anonymous_3)
FNDA:0,(anonymous_4)
FNDA:0,(anonymous_5)
FNDA:6,(anonymous_6)
FNDA:1,(anonymous_7)
FNDA:0,(anonymous_8)
FNDA:0,(anonymous_9)
FNDA:0,(anonymous_10)
FNDA:0,(anonymous_11)
FNDA:0,(anonymous_12)
FNDA:0,(anonymous_13)
FNDA:0,(anonymous_14)
DA:1,1
DA:2,1
DA:3,1
DA:11,1
DA:19,5
DA:20,5
DA:23,5
DA:24,5
DA:28,5
DA:29,5
DA:32,5
DA:33,5
DA:42,0
DA:51,0
DA:52,0
DA:56,6
DA:57,1
DA:58,0
DA:62,0
DA:63,0
DA:64,0
DA:68,0
DA:69,0
DA:70,0
DA:71,0
DA:75,0
DA:76,0
DA:77,0
DA:78,0
DA:79,0
LF:30
LH:14
BRDA:43,0,0,0
BRDA:43,0,1,0
BRDA:44,1,0,0
BRDA:44,1,1,0
BRDA:45,2,0,0
BRDA:45,2,1,0
BRDA:46,3,0,0
BRDA:46,3,1,0
BRDA:47,4,0,0
BRDA:47,4,1,0
BRF:10
BRH:0
end_of_record
TN:
SF:src/app/dashboard/dashboard.component.html
FNF:0
FNH:0
DA:1,1
LF:1
LH:1
BRF:0
BRH:0
end_of_record
TN:
SF:src/app/dashboard/dashboard.component.ts
FN:11,(anonymous_0)
FN:15,(anonymous_1)
FN:18,(anonymous_2)
FN:19,(anonymous_3)
FNF:4
FNH:3
FNDA:1,(anonymous_0)
FNDA:1,(anonymous_1)
FNDA:1,(anonymous_2)
FNDA:0,(anonymous_3)
DA:1,1
DA:2,1
DA:8,1
DA:12,1
DA:16,1
DA:19,1
DA:20,0
LF:7
LH:6
BRF:0
BRH:0
end_of_record
TN:
SF:src/app/dashboard/dashboard-card/dashboard-card.component.html
FNF:0
FNH:0
DA:1,3
LF:1
LH:1
BRF:0
BRH:0
end_of_record
TN:
SF:src/app/dashboard/dashboard-card/dashboard-card.component.ts
FN:11,(anonymous_0)
FN:13,(anonymous_1)
FNF:2
FNH:2
FNDA:2,(anonymous_0)
FNDA:2,(anonymous_1)
DA:1,3
DA:8,3
DA:10,3
LF:3
LH:3
BRF:0
BRH:0
end_of_record
TN:
SF:src/app/flex-layout/flex-layout.component.html
FNF:0
FNH:0
DA:1,1
LF:1
LH:1
BRF:0
BRH:0
end_of_record
TN:
SF:src/app/flex-layout/flex-layout.component.ts
FN:10,(anonymous_0)
FN:12,(anonymous_1)
FNF:2
FNH:1
FNDA:1,(anonymous_0)
FNDA:0,(anonymous_1)
DA:1,1
DA:8,1
LF:2
LH:2
BRF:0
BRH:0
end_of_record
TN:
SF:src/app/grid-layout/grid-layout.component.html
FNF:0
FNH:0
DA:1,1
LF:1
LH:1
BRF:0
BRH:0
end_of_record
TN:
SF:src/app/grid-layout/grid-layout.component.ts
FN:10,(anonymous_0)
FN:12,(anonymous_1)
FNF:2
FNH:1
FNDA:1,(anonymous_0)
FNDA:0,(anonymous_1)
DA:1,1
DA:8,1
LF:2
LH:2
BRF:0
BRH:0
end_of_record
TN:
SF:src/app/layout/button/button.component.html
FNF:0
FNH:0
DA:1,2
LF:1
LH:1
BRF:0
BRH:0
end_of_record
TN:
SF:src/app/layout/button/button.component.ts
FN:13,(anonymous_0)
FN:15,(anonymous_1)
FN:18,(anonymous_2)
FNF:3
FNH:2
FNDA:6,(anonymous_0)
FNDA:6,(anonymous_1)
FNDA:0,(anonymous_2)
DA:1,2
DA:7,2
DA:8,2
DA:9,2
DA:10,2
DA:11,6
DA:19,0
LF:7
LH:6
BRF:0
BRH:0
end_of_record
TN:
SF:src/app/layout/header/header.component.html
FNF:0
FNH:0
DA:1,2
LF:1
LH:1
BRF:0
BRH:0
end_of_record
TN:
SF:src/app/layout/header/header.component.ts
FN:11,(anonymous_0)
FN:13,(anonymous_1)
FNF:2
FNH:2
FNDA:2,(anonymous_0)
FNDA:2,(anonymous_1)
DA:1,2
DA:10,2
LF:2
LH:2
BRF:0
BRH:0
end_of_record
TN:
SF:src/app/layout/layout/layout.component.html
FNF:0
FNH:0
DA:1,1
LF:1
LH:1
BRF:0
BRH:0
end_of_record
TN:
SF:src/app/layout/layout/layout.component.ts
FN:14,(anonymous_0)
FN:19,(anonymous_1)
FN:24,(anonymous_2)
FN:25,(anonymous_3)
FN:33,(anonymous_4)
FNF:5
FNH:3
FNDA:1,(anonymous_0)
FNDA:1,(anonymous_1)
FNDA:1,(anonymous_2)
FNDA:0,(anonymous_3)
FNDA:0,(anonymous_4)
DA:1,1
DA:2,1
DA:3,1
DA:4,1
DA:10,1
DA:12,1
DA:15,1
DA:16,1
DA:22,1
DA:25,1
DA:26,0
DA:27,0
DA:29,0
DA:34,0
LF:14
LH:10
BRDA:26,0,0,0
BRDA:26,0,1,0
BRF:2
BRH:0
end_of_record
TN:
SF:src/app/setup/login-registration-setup.service.ts
FN:15,(anonymous_0)
FN:21,(anonymous_1)
FN:29,(anonymous_2)
FN:37,(anonymous_3)
FNF:4
FNH:2
FNDA:12,(anonymous_0)
FNDA:1,(anonymous_1)
FNDA:0,(anonymous_2)
FNDA:0,(anonymous_3)
DA:1,5
DA:2,5
DA:4,5
DA:6,5
DA:7,5
DA:8,5
DA:12,5
DA:14,12
DA:16,12
DA:17,12
DA:18,12
DA:22,1
DA:23,1
DA:30,0
DA:31,0
DA:38,0
DA:39,0
LF:17
LH:13
BRF:0
BRH:0
end_of_record
TN:
SF:src/app/setup/login/login.component.html
FNF:0
FNH:0
DA:1,1
LF:1
LH:1
BRF:0
BRH:0
end_of_record
TN:
SF:src/app/setup/login/login.component.ts
FN:14,(anonymous_0)
FN:20,(anonymous_1)
FN:23,(anonymous_2)
FN:29,(anonymous_3)
FN:30,(anonymous_4)
FNF:5
FNH:3
FNDA:5,(anonymous_0)
FNDA:5,(anonymous_1)
FNDA:5,(anonymous_2)
FNDA:0,(anonymous_3)
FNDA:0,(anonymous_4)
DA:1,1
DA:2,1
DA:3,1
DA:4,1
DA:11,1
DA:15,5
DA:16,5
DA:17,5
DA:21,5
DA:24,5
DA:30,0
DA:31,0
DA:32,0
DA:34,0
DA:35,0
DA:36,0
DA:37,0
LF:17
LH:10
BRDA:31,0,0,0
BRDA:31,0,1,0
BRF:2
BRH:0
end_of_record
TN:
SF:src/app/setup/user-registration/user-registration.component.html
FNF:0
FNH:0
DA:1,1
LF:1
LH:1
BRF:0
BRH:0
end_of_record
TN:
SF:src/app/setup/user-registration/user-registration.component.ts
FN:14,(anonymous_0)
FN:20,(anonymous_1)
FN:24,(anonymous_2)
FN:31,(anonymous_3)
FN:37,(anonymous_4)
FNF:5
FNH:3
FNDA:4,(anonymous_0)
FNDA:4,(anonymous_1)
FNDA:4,(anonymous_2)
FNDA:0,(anonymous_3)
FNDA:0,(anonymous_4)
DA:1,1
DA:2,1
DA:3,1
DA:4,1
DA:11,1
DA:15,4
DA:16,4
DA:17,4
DA:21,4
DA:25,4
DA:32,0
DA:33,0
DA:37,0
DA:38,0
DA:39,0
DA:42,0
LF:16
LH:10
BRDA:32,0,0,0
BRDA:32,0,1,0
BRF:2
BRH:0
end_of_record
TN:
SF:src/app/shared/services/auth-guard.service.ts
FN:8,(anonymous_0)
FN:10,(anonymous_1)
FNF:2
FNH:1
FNDA:3,(anonymous_0)
FNDA:0,(anonymous_1)
DA:1,1
DA:2,1
DA:6,1
DA:8,3
DA:11,0
DA:12,0
DA:13,0
DA:15,0
LF:8
LH:4
BRDA:11,0,0,0
BRDA:11,0,1,0
BRF:2
BRH:0
end_of_record
TN:
SF:src/app/shared/services/error-handling.service.ts
FN:8,(anonymous_0)
FN:9,(anonymous_1)
FNF:2
FNH:1
FNDA:26,(anonymous_0)
FNDA:0,(anonymous_1)
DA:1,9
DA:2,9
DA:6,9
DA:10,0
DA:11,0
DA:13,0
DA:16,0
DA:18,0
DA:19,0
LF:9
LH:3
BRDA:11,0,0,0
BRDA:11,0,1,0
BRF:2
BRH:0
end_of_record
TN:
SF:src/app/shared/services/theme.service.ts
FN:16,(anonymous_0)
FN:19,(anonymous_1)
FN:22,(anonymous_2)
FN:23,(anonymous_3)
FNF:4
FNH:0
FNDA:0,(anonymous_0)
FNDA:0,(anonymous_1)
FNDA:0,(anonymous_2)
FNDA:0,(anonymous_3)
DA:1,2
DA:3,2
DA:8,2
DA:15,2
DA:17,0
DA:20,0
DA:23,0
DA:24,0
LF:8
LH:4
BRF:0
BRH:0
end_of_record
TN:
SF:src/environments/environment.ts
FNF:0
FNH:0
DA:5,8
LF:1
LH:1
BRF:0
BRH:0
end_of_record
